# JRE version: Java(TM) SE Runtime Environment (17.0.12+8) (build 17.0.12+8-LTS-286)
# Java VM: Java HotSpot(TM) 64-Bit Server VM (17.0.12+8-LTS-286, mixed mode, emulated-client, sharing, tiered, compressed oops, compressed class ptrs, g1 gc, windows-amd64)
GC Precious Log:
 CPUs: 4 total, 4 available
 Memory: 8079M
 Large Page Support: Disabled
 NUMA Support: Disabled
 Compressed Oops: Enabled (32-bit)
 Heap Region Size: 1M
 Heap Min Capacity: 8M
 Heap Initial Capacity: 128M
 Heap Max Capacity: 2020M
 Pre-touch: Disabled
 Parallel Workers: 4
 Concurrent Workers: 1
 Concurrent Refinement Workers: 4
 Periodic GC: Disabled
Heap:
 garbage-first heap   total 68608K, used 36897K [0x0000000081c00000, 0x0000000100000000)
  region size 1024K, 10 young (10240K), 2 survivors (2048K)
 Metaspace       used 54697K, committed 55168K, reserved 1114112K
  class space    used 7561K, committed 7808K, reserved 1048576K
GC Heap History (20 events):
Event: 22.602 GC heap before
{Heap before GC invocations=2 (full 0):
 garbage-first heap   total 131072K, used 29037K [0x0000000081c00000, 0x0000000100000000)
  region size 1024K, 18 young (18432K), 2 survivors (2048K)
 Metaspace       used 9478K, committed 9728K, reserved 1114112K
  class space    used 1244K, committed 1344K, reserved 1048576K
}
Event: 22.609 GC heap after
{Heap after GC invocations=3 (full 0):
 garbage-first heap   total 131072K, used 13860K [0x0000000081c00000, 0x0000000100000000)
  region size 1024K, 2 young (2048K), 2 survivors (2048K)
 Metaspace       used 9478K, committed 9728K, reserved 1114112K
  class space    used 1244K, committed 1344K, reserved 1048576K
}
Event: 26.250 GC heap before
{Heap before GC invocations=3 (full 0):
 garbage-first heap   total 131072K, used 82468K [0x0000000081c00000, 0x0000000100000000)
  region size 1024K, 71 young (72704K), 2 survivors (2048K)
 Metaspace       used 21149K, committed 21504K, reserved 1114112K
  class space    used 2924K, committed 3072K, reserved 1048576K
}
Event: 26.262 GC heap after
{Heap after GC invocations=4 (full 0):
 garbage-first heap   total 131072K, used 18327K [0x0000000081c00000, 0x0000000100000000)
  region size 1024K, 6 young (6144K), 6 survivors (6144K)
 Metaspace       used 21149K, committed 21504K, reserved 1114112K
  class space    used 2924K, committed 3072K, reserved 1048576K
}
Event: 30.804 GC heap before
{Heap before GC invocations=5 (full 0):
 garbage-first heap   total 68608K, used 53143K [0x0000000081c00000, 0x0000000100000000)
  region size 1024K, 40 young (40960K), 6 survivors (6144K)
 Metaspace       used 25736K, committed 26112K, reserved 1114112K
  class space    used 3479K, committed 3648K, reserved 1048576K
}
Event: 30.819 GC heap after
{Heap after GC invocations=6 (full 0):
 garbage-first heap   total 68608K, used 19576K [0x0000000081c00000, 0x0000000100000000)
  region size 1024K, 2 young (2048K), 2 survivors (2048K)
 Metaspace       used 25736K, committed 26112K, reserved 1114112K
  class space    used 3479K, committed 3648K, reserved 1048576K
}
Event: 35.968 GC heap before
{Heap before GC invocations=6 (full 0):
 garbage-first heap   total 68608K, used 46200K [0x0000000081c00000, 0x0000000100000000)
  region size 1024K, 29 young (29696K), 2 survivors (2048K)
 Metaspace       used 30402K, committed 30720K, reserved 1114112K
  class space    used 4098K, committed 4224K, reserved 1048576K
}
Event: 35.981 GC heap after
{Heap after GC invocations=7 (full 0):
 garbage-first heap   total 68608K, used 21620K [0x0000000081c00000, 0x0000000100000000)
  region size 1024K, 4 young (4096K), 4 survivors (4096K)
 Metaspace       used 30402K, committed 30720K, reserved 1114112K
  class space    used 4098K, committed 4224K, reserved 1048576K
}
Event: 42.483 GC heap before
{Heap before GC invocations=7 (full 0):
 garbage-first heap   total 68608K, used 49268K [0x0000000081c00000, 0x0000000100000000)
  region size 1024K, 31 young (31744K), 4 survivors (4096K)
 Metaspace       used 33665K, committed 34112K, reserved 1114112K
  class space    used 4605K, committed 4800K, reserved 1048576K
}
Event: 42.505 GC heap after
{Heap after GC invocations=8 (full 0):
 garbage-first heap   total 68608K, used 23538K [0x0000000081c00000, 0x0000000100000000)
  region size 1024K, 4 young (4096K), 4 survivors (4096K)
 Metaspace       used 33665K, committed 34112K, reserved 1114112K
  class space    used 4605K, committed 4800K, reserved 1048576K
}
Event: 45.608 GC heap before
{Heap before GC invocations=8 (full 0):
 garbage-first heap   total 68608K, used 35826K [0x0000000081c00000, 0x0000000100000000)
  region size 1024K, 17 young (17408K), 4 survivors (4096K)
 Metaspace       used 35644K, committed 36096K, reserved 1114112K
  class space    used 4957K, committed 5184K, reserved 1048576K
}
Event: 45.633 GC heap after
{Heap after GC invocations=9 (full 0):
 garbage-first heap   total 68608K, used 25058K [0x0000000081c00000, 0x0000000100000000)
  region size 1024K, 4 young (4096K), 4 survivors (4096K)
 Metaspace       used 35644K, committed 36096K, reserved 1114112K
  class space    used 4957K, committed 5184K, reserved 1048576K
}
Event: 60.453 GC heap before
{Heap before GC invocations=10 (full 0):
 garbage-first heap   total 68608K, used 50658K [0x0000000081c00000, 0x0000000100000000)
  region size 1024K, 29 young (29696K), 4 survivors (4096K)
 Metaspace       used 39470K, committed 40000K, reserved 1114112K
  class space    used 5420K, committed 5696K, reserved 1048576K
}
Event: 60.475 GC heap after
{Heap after GC invocations=11 (full 0):
 garbage-first heap   total 68608K, used 26836K [0x0000000081c00000, 0x0000000100000000)
  region size 1024K, 4 young (4096K), 4 survivors (4096K)
 Metaspace       used 39470K, committed 40000K, reserved 1114112K
  class space    used 5420K, committed 5696K, reserved 1048576K
}
Event: 67.160 GC heap before
{Heap before GC invocations=11 (full 0):
 garbage-first heap   total 68608K, used 51412K [0x0000000081c00000, 0x0000000100000000)
  region size 1024K, 28 young (28672K), 4 survivors (4096K)
 Metaspace       used 43618K, committed 44160K, reserved 1114112K
  class space    used 6077K, committed 6336K, reserved 1048576K
}
Event: 67.169 GC heap after
{Heap after GC invocations=12 (full 0):
 garbage-first heap   total 68608K, used 27924K [0x0000000081c00000, 0x0000000100000000)
  region size 1024K, 4 young (4096K), 4 survivors (4096K)
 Metaspace       used 43618K, committed 44160K, reserved 1114112K
  class space    used 6077K, committed 6336K, reserved 1048576K
}
Event: 73.577 GC heap before
{Heap before GC invocations=12 (full 0):
 garbage-first heap   total 68608K, used 51476K [0x0000000081c00000, 0x0000000100000000)
  region size 1024K, 28 young (28672K), 4 survivors (4096K)
 Metaspace       used 48508K, committed 49088K, reserved 1114112K
  class space    used 6713K, committed 6976K, reserved 1048576K
}
Event: 73.588 GC heap after
{Heap after GC invocations=13 (full 0):
 garbage-first heap   total 68608K, used 29221K [0x0000000081c00000, 0x0000000100000000)
  region size 1024K, 3 young (3072K), 3 survivors (3072K)
 Metaspace       used 48508K, committed 49088K, reserved 1114112K
  class space    used 6713K, committed 6976K, reserved 1048576K
}
Event: 77.074 GC heap before
{Heap before GC invocations=13 (full 0):
 garbage-first heap   total 68608K, used 52773K [0x0000000081c00000, 0x0000000100000000)
  region size 1024K, 27 young (27648K), 3 survivors (3072K)
 Metaspace       used 53302K, committed 53824K, reserved 1114112K
  class space    used 7383K, committed 7616K, reserved 1048576K
}
Event: 77.087 GC heap after
{Heap after GC invocations=14 (full 0):
 garbage-first heap   total 68608K, used 29729K [0x0000000081c00000, 0x0000000100000000)
  region size 1024K, 2 young (2048K), 2 survivors (2048K)
 Metaspace       used 53302K, committed 53824K, reserved 1114112K
  class space    used 7383K, committed 7616K, reserved 1048576K
}

